[debug] [2024-08-21T14:32:12.096Z] ----------------------------------------------------------------------
[debug] [2024-08-21T14:32:12.101Z] Command:       C:\Program Files\nodejs\node.exe C:\Users\User\AppData\Roaming\npm\node_modules\firebase-tools\lib\bin\firebase.js init
[debug] [2024-08-21T14:32:12.102Z] CLI Version:   13.15.2
[debug] [2024-08-21T14:32:12.102Z] Platform:      win32
[debug] [2024-08-21T14:32:12.102Z] Node Version:  v20.16.0
[debug] [2024-08-21T14:32:12.103Z] Time:          Wed Aug 21 2024 17:32:12 GMT+0300 (Москва, стандартное время)
[debug] [2024-08-21T14:32:12.103Z] ----------------------------------------------------------------------
[debug] 
[debug] [2024-08-21T14:32:12.521Z] > command requires scopes: ["email","openid","https://www.googleapis.com/auth/cloudplatformprojects.readonly","https://www.googleapis.com/auth/firebase","https://www.googleapis.com/auth/cloud-platform"]
[debug] [2024-08-21T14:32:12.521Z] > authorizing via signed-in user (antonrogachevskiy112008@gmail.com)
[info] 
     ######## #### ########  ######## ########     ###     ######  ########
     ##        ##  ##     ## ##       ##     ##  ##   ##  ##       ##
     ######    ##  ########  ######   ########  #########  ######  ######
     ##        ##  ##    ##  ##       ##     ## ##     ##       ## ##
     ##       #### ##     ## ######## ########  ##     ##  ######  ########

You're about to initialize a Firebase project in this directory:

  G:\inet-shop

Before we get started, keep in mind:

  * You are initializing within an existing Firebase project directory

